[INFO] Scanning for projects...
[INFO] 
[INFO] -----------------------< com.ecommerce:product >------------------------
[INFO] Building product 0.0.1-SNAPSHOT
[INFO]   from pom.xml
[INFO] --------------------------------[ jar ]---------------------------------
[INFO] 
[INFO] >>> spring-boot:4.0.2:run (default-cli) > test-compile @ product >>>
[INFO] 
[INFO] --- resources:3.3.1:resources (default-resources) @ product ---
[INFO] Copying 1 resource from src/main/resources to target/classes
[INFO] Copying 0 resource from src/main/resources to target/classes
[INFO] 
[INFO] --- compiler:3.14.1:compile (default-compile) @ product ---
[INFO] Nothing to compile - all classes are up to date.
[INFO] 
[INFO] --- resources:3.3.1:testResources (default-testResources) @ product ---
[INFO] skip non existing resourceDirectory /Users/OMKAR_S/ecommerce-course/product/src/test/resources
[INFO] 
[INFO] --- compiler:3.14.1:testCompile (default-testCompile) @ product ---
[INFO] Nothing to compile - all classes are up to date.
[INFO] 
[INFO] <<< spring-boot:4.0.2:run (default-cli) < test-compile @ product <<<
[INFO] 
[INFO] 
[INFO] --- spring-boot:4.0.2:run (default-cli) @ product ---
[INFO] Attaching agents: []
  .   ____          _            __ _ _
 /\\ / ___'_ __ _ _(_)_ __  __ _ \ \ \ \
( ( )\___ | '_ | '_| | '_ \/ _` | \ \ \ \
 \\/  ___)| |_)| | | | | || (_| |  ) ) ) )
  '  |____| .__|_| |_|_| |_\__, | / / / /
 =========|_|==============|___/=/_/_/_/
 
 :: Spring Boot ::   v4.0.2
 :: Spring Cloud Stream ::   v5.0.0
 :: Spring Cloud Function ::   v5.0.0
2026-02-02T11:55:45.430+05:30  INFO 10613 --- [product-service] [           main] c.ecommerce.product.ProductApplication   : Starting ProductApplication using Java 25.0.1 with PID 10613 (/Users/OMKAR_S/ecommerce-course/product/target/classes started by OMKAR_S in /Users/OMKAR_S/ecommerce-course/product)
2026-02-02T11:55:45.430+05:30  INFO 10613 --- [product-service] [           main] c.ecommerce.product.ProductApplication   : No active profile set, falling back to 1 default profile: "default"
2026-02-02T11:55:45.447+05:30  INFO 10613 --- [product-service] [           main] o.s.c.c.c.ConfigServerConfigDataLoader   : Fetching config from server at : http://localhost:8888
2026-02-02T11:55:45.447+05:30  INFO 10613 --- [product-service] [           main] o.s.c.c.c.ConfigServerConfigDataLoader   : Located environment: name=product-service, profiles=[default], label=null, version=null, state=null
2026-02-02T11:55:45.739+05:30  INFO 10613 --- [product-service] [           main] .s.d.r.c.RepositoryConfigurationDelegate : Bootstrapping Spring Data JPA repositories in DEFAULT mode.
2026-02-02T11:55:45.790+05:30  INFO 10613 --- [product-service] [           main] .s.d.r.c.RepositoryConfigurationDelegate : Finished Spring Data repository scanning in 48 ms. Found 1 JPA repository interface.
2026-02-02T11:55:45.869+05:30  INFO 10613 --- [product-service] [           main] faultConfiguringBeanFactoryPostProcessor : No bean named 'errorChannel' has been explicitly defined. Therefore, a default PublishSubscribeChannel will be created.
2026-02-02T11:55:45.871+05:30  INFO 10613 --- [product-service] [           main] faultConfiguringBeanFactoryPostProcessor : No bean named 'integrationHeaderChannelRegistry' has been explicitly defined. Therefore, a default DefaultHeaderChannelRegistry will be created.
2026-02-02T11:55:45.884+05:30  INFO 10613 --- [product-service] [           main] o.s.cloud.context.scope.GenericScope     : BeanFactory id=f5211197-973a-3489-a874-cfaf64299c58
2026-02-02T11:55:46.012+05:30  INFO 10613 --- [product-service] [           main] o.s.boot.tomcat.TomcatWebServer          : Tomcat initialized with port 8081 (http)
2026-02-02T11:55:46.016+05:30  INFO 10613 --- [product-service] [           main] o.apache.catalina.core.StandardService   : Starting service [Tomcat]
2026-02-02T11:55:46.017+05:30  INFO 10613 --- [product-service] [           main] o.apache.catalina.core.StandardEngine    : Starting Servlet engine: [Apache Tomcat/11.0.15]
2026-02-02T11:55:46.035+05:30  INFO 10613 --- [product-service] [           main] b.w.c.s.WebApplicationContextInitializer : Root WebApplicationContext: initialization completed in 587 ms
2026-02-02T11:55:46.112+05:30  INFO 10613 --- [product-service] [           main] org.hibernate.orm.jpa                    : HHH008540: Processing PersistenceUnitInfo [name: default]
2026-02-02T11:55:46.128+05:30  INFO 10613 --- [product-service] [           main] org.hibernate.orm.core                   : HHH000001: Hibernate ORM core version 7.2.1.Final
2026-02-02T11:55:46.239+05:30  INFO 10613 --- [product-service] [           main] o.s.o.j.p.SpringPersistenceUnitInfo      : No LoadTimeWeaver setup: ignoring JPA class transformer
2026-02-02T11:55:46.249+05:30  INFO 10613 --- [product-service] [           main] com.zaxxer.hikari.HikariDataSource       : HikariPool-1 - Starting...
2026-02-02T11:55:46.312+05:30  INFO 10613 --- [product-service] [           main] com.zaxxer.hikari.pool.HikariPool        : HikariPool-1 - Added connection org.postgresql.jdbc.PgConnection@5cb4ba80
2026-02-02T11:55:46.312+05:30  INFO 10613 --- [product-service] [           main] com.zaxxer.hikari.HikariDataSource       : HikariPool-1 - Start completed.
2026-02-02T11:55:46.326+05:30  WARN 10613 --- [product-service] [           main] org.hibernate.orm.deprecation            : HHH90000025: PostgreSQLDialect does not need to be specified explicitly using 'hibernate.dialect' (remove the property setting and it will be selected by default)
2026-02-02T11:55:46.337+05:30  INFO 10613 --- [product-service] [           main] org.hibernate.orm.connections.pooling    : HHH10001005: Database info:
	Database JDBC URL [jdbc:postgresql://localhost:5433/productdb]
	Database driver: PostgreSQL JDBC Driver
	Database dialect: PostgreSQLDialect
	Database version: 14.20
	Default catalog/schema: productdb/public
	Autocommit mode: undefined/unknown
	Isolation level: READ_COMMITTED [default READ_COMMITTED]
	JDBC fetch size: none
	Pool: DataSourceConnectionProvider
	Minimum pool size: undefined/unknown
	Maximum pool size: undefined/unknown
2026-02-02T11:55:46.597+05:30  INFO 10613 --- [product-service] [           main] org.hibernate.orm.core                   : HHH000489: No JTA platform available (set 'hibernate.transaction.jta.platform' to enable JTA platform integration)
2026-02-02T11:55:46.623+05:30  INFO 10613 --- [product-service] [           main] j.LocalContainerEntityManagerFactoryBean : Initialized JPA EntityManagerFactory for persistence unit 'default'
2026-02-02T11:55:46.653+05:30  INFO 10613 --- [product-service] [           main] o.s.d.j.r.query.QueryEnhancerFactories   : Hibernate is in classpath; If applicable, HQL parser will be used.
2026-02-02T11:55:46.950+05:30  WARN 10613 --- [product-service] [           main] JpaBaseConfiguration$JpaWebConfiguration : spring.jpa.open-in-view is enabled by default. Therefore, database queries may be performed during view rendering. Explicitly configure spring.jpa.open-in-view to disable this warning
2026-02-02T11:55:47.102+05:30  INFO 10613 --- [product-service] [           main] o.s.c.s.m.DirectWithAttributesChannel    : Channel 'product-service.springCloudBusInput' has 1 subscriber(s).
2026-02-02T11:55:47.276+05:30  INFO 10613 --- [product-service] [           main] o.s.b.a.e.web.EndpointLinksResolver      : Exposing 21 endpoints beneath base path '/actuator'
2026-02-02T11:55:47.315+05:30  INFO 10613 --- [product-service] [           main] o.s.i.endpoint.EventDrivenConsumer       : Adding {logging-channel-adapter:_org.springframework.integration.errorLogger} as a subscriber to the 'errorChannel' channel
2026-02-02T11:55:47.315+05:30  INFO 10613 --- [product-service] [           main] o.s.i.channel.PublishSubscribeChannel    : Channel 'product-service.errorChannel' has 1 subscriber(s).
2026-02-02T11:55:47.315+05:30  INFO 10613 --- [product-service] [           main] o.s.i.endpoint.EventDrivenConsumer       : started bean '_org.springframework.integration.errorLogger'
2026-02-02T11:55:47.319+05:30  INFO 10613 --- [product-service] [           main] o.s.c.s.binder.DefaultBinderFactory      : Creating binder: rabbit
2026-02-02T11:55:47.319+05:30  INFO 10613 --- [product-service] [           main] o.s.c.s.binder.DefaultBinderFactory      : Constructing binder child context for rabbit
2026-02-02T11:55:47.341+05:30  INFO 10613 --- [product-service] [           main] o.s.c.s.binder.DefaultBinderFactory      : Caching the binder: rabbit
2026-02-02T11:55:47.345+05:30  INFO 10613 --- [product-service] [           main] c.s.b.r.p.RabbitExchangeQueueProvisioner : declaring queue for inbound: springCloudBus.anonymous.pQ43E5RxQfegBIX7gtIBuw, bound to: springCloudBus
2026-02-02T11:55:47.346+05:30  INFO 10613 --- [product-service] [           main] o.s.a.r.c.CachingConnectionFactory       : Attempting to connect to: [localhost:5672]
2026-02-02T11:55:47.370+05:30  INFO 10613 --- [product-service] [           main] o.s.a.r.c.CachingConnectionFactory       : Created new connection: rabbitConnectionFactory#41b7ebec:0/SimpleConnection@60a8d8d6 [delegate=amqp://guest@127.0.0.1:5672/, localPort=51640]
2026-02-02T11:55:47.399+05:30  INFO 10613 --- [product-service] [           main] o.s.c.stream.binder.BinderErrorChannel   : Channel 'rabbit-556563783.springCloudBusInput.errors' has 1 subscriber(s).
2026-02-02T11:55:47.399+05:30  INFO 10613 --- [product-service] [           main] o.s.c.stream.binder.BinderErrorChannel   : Channel 'rabbit-556563783.springCloudBusInput.errors' has 2 subscriber(s).
2026-02-02T11:55:47.408+05:30  INFO 10613 --- [product-service] [           main] o.s.i.a.i.AmqpInboundChannelAdapter      : started bean 'inbound.springCloudBus.anonymous.pQ43E5RxQfegBIX7gtIBuw'
2026-02-02T11:55:47.413+05:30  INFO 10613 --- [product-service] [           main] o.s.boot.tomcat.TomcatWebServer          : Tomcat started on port 8081 (http) with context path '/'
2026-02-02T11:55:47.433+05:30  INFO 10613 --- [product-service] [           main] c.ecommerce.product.ProductApplication   : Started ProductApplication in 2.249 seconds (process running for 2.456)
2026-02-02T12:01:06.743+05:30  INFO 10613 --- [product-service] [ionShutdownHook] o.s.boot.tomcat.GracefulShutdown         : Commencing graceful shutdown. Waiting for active requests to complete
2026-02-02T12:01:06.749+05:30  INFO 10613 --- [product-service] [tomcat-shutdown] o.s.boot.tomcat.GracefulShutdown         : Graceful shutdown complete
2026-02-02T12:01:06.767+05:30  INFO 10613 --- [product-service] [ionShutdownHook] o.s.a.r.l.SimpleMessageListenerContainer : Waiting for workers to finish.
2026-02-02T12:01:07.627+05:30  INFO 10613 --- [product-service] [ionShutdownHook] o.s.a.r.l.SimpleMessageListenerContainer : Successfully waited for workers to finish.
2026-02-02T12:01:07.629+05:30  INFO 10613 --- [product-service] [ionShutdownHook] o.s.i.a.i.AmqpInboundChannelAdapter      : stopped bean 'inbound.springCloudBus.anonymous.pQ43E5RxQfegBIX7gtIBuw'
2026-02-02T12:01:07.639+05:30  INFO 10613 --- [product-service] [ionShutdownHook] o.s.c.stream.binder.BinderErrorChannel   : Channel 'product-service.rabbit-556563783.springCloudBusInput.errors' has 1 subscriber(s).
2026-02-02T12:01:07.641+05:30  INFO 10613 --- [product-service] [ionShutdownHook] o.s.c.stream.binder.BinderErrorChannel   : Channel 'product-service.rabbit-556563783.springCloudBusInput.errors' has 0 subscriber(s).
2026-02-02T12:01:07.679+05:30  INFO 10613 --- [product-service] [ionShutdownHook] o.s.i.endpoint.EventDrivenConsumer       : Removing {logging-channel-adapter:_org.springframework.integration.errorLogger} as a subscriber to the 'errorChannel' channel
2026-02-02T12:01:07.679+05:30  INFO 10613 --- [product-service] [ionShutdownHook] o.s.i.channel.PublishSubscribeChannel    : Channel 'product-service.errorChannel' has 0 subscriber(s).
2026-02-02T12:01:07.680+05:30  INFO 10613 --- [product-service] [ionShutdownHook] o.s.i.endpoint.EventDrivenConsumer       : stopped bean '_org.springframework.integration.errorLogger'
2026-02-02T12:01:07.687+05:30  INFO 10613 --- [product-service] [ionShutdownHook] j.LocalContainerEntityManagerFactoryBean : Closing JPA EntityManagerFactory for persistence unit 'default'
2026-02-02T12:01:07.690+05:30  INFO 10613 --- [product-service] [ionShutdownHook] com.zaxxer.hikari.HikariDataSource       : HikariPool-1 - Shutdown initiated...
2026-02-02T12:01:07.691+05:30  INFO 10613 --- [product-service] [ionShutdownHook] com.zaxxer.hikari.HikariDataSource       : HikariPool-1 - Shutdown completed.
[INFO] ------------------------------------------------------------------------
[INFO] BUILD FAILURE
[INFO] ------------------------------------------------------------------------
[INFO] Total time:  05:23 min
[INFO] Finished at: 2026-02-02T12:01:07+05:30
[INFO] ------------------------------------------------------------------------
[ERROR] Failed to execute goal org.springframework.boot:spring-boot-maven-plugin:4.0.2:run (default-cli) on project product: Process terminated with exit code: 143 -> [Help 1]
[ERROR] 
[ERROR] To see the full stack trace of the errors, re-run Maven with the -e switch.
[ERROR] Re-run Maven using the -X switch to enable full debug logging.
[ERROR] 
[ERROR] For more information about the errors and possible solutions, please read the following articles:
[ERROR] [Help 1] http://cwiki.apache.org/confluence/display/MAVEN/MojoExecutionException
